# JRE version: OpenJDK Runtime Environment (8.0_242-b01) (build 1.8.0_242-release-1644-b01)
# Java VM: OpenJDK 64-Bit Server VM (25.242-b01 mixed mode windows-amd64 compressed oops)
Heap:
 PSYoungGen      total 300032K, used 66480K [0x00000000d5580000, 0x00000000e9580000, 0x0000000100000000)
  eden space 273920K, 18% used [0x00000000d5580000,0x00000000d86829d8,0x00000000e6100000)
  from space 26112K, 62% used [0x00000000e7b00000,0x00000000e8ae98b8,0x00000000e9480000)
  to   space 26624K, 0% used [0x00000000e6100000,0x00000000e6100000,0x00000000e7b00000)
 ParOldGen       total 73728K, used 56681K [0x0000000080000000, 0x0000000084800000, 0x00000000d5580000)
  object space 73728K, 76% used [0x0000000080000000,0x000000008375a5c8,0x0000000084800000)
 Metaspace       used 89845K, capacity 94468K, committed 94680K, reserved 1132544K
  class space    used 11858K, capacity 12794K, committed 12800K, reserved 1048576K
GC Heap History (10 events):
Event: 22.262 GC heap before
{Heap before GC invocations=17 (full 2):
 PSYoungGen      total 177664K, used 99182K [0x00000000d5580000, 0x00000000e1a80000, 0x0000000100000000)
  eden space 164864K, 52% used [0x00000000d5580000,0x00000000da9e2f68,0x00000000df680000)
  from space 12800K, 99% used [0x00000000e0780000,0x00000000e13f8af0,0x00000000e1400000)
  to   space 17408K, 0% used [0x00000000df680000,0x00000000df680000,0x00000000e0780000)
 ParOldGen       total 44032K, used 23264K [0x0000000080000000, 0x0000000082b00000, 0x00000000d5580000)
  object space 44032K, 52% used [0x0000000080000000,0x00000000816b8018,0x0000000082b00000)
 Metaspace       used 56464K, capacity 58844K, committed 58968K, reserved 1099776K
  class space    used 7451K, capacity 7949K, committed 8064K, reserved 1048576K
Event: 22.307 GC heap after
Heap after GC invocations=17 (full 2):
 PSYoungGen      total 182272K, used 10308K [0x00000000d5580000, 0x00000000e5f80000, 0x0000000100000000)
  eden space 164864K, 0% used [0x00000000d5580000,0x00000000d5580000,0x00000000df680000)
  from space 17408K, 59% used [0x00000000df680000,0x00000000e0091190,0x00000000e0780000)
  to   space 17920K, 0% used [0x00000000e4e00000,0x00000000e4e00000,0x00000000e5f80000)
 ParOldGen       total 44032K, used 28815K [0x0000000080000000, 0x0000000082b00000, 0x00000000d5580000)
  object space 44032K, 65% used [0x0000000080000000,0x0000000081c23f50,0x0000000082b00000)
 Metaspace       used 56464K, capacity 58844K, committed 58968K, reserved 1099776K
  class space    used 7451K, capacity 7949K, committed 8064K, reserved 1048576K
}
Event: 22.307 GC heap before
{Heap before GC invocations=18 (full 3):
 PSYoungGen      total 182272K, used 10308K [0x00000000d5580000, 0x00000000e5f80000, 0x0000000100000000)
  eden space 164864K, 0% used [0x00000000d5580000,0x00000000d5580000,0x00000000df680000)
  from space 17408K, 59% used [0x00000000df680000,0x00000000e0091190,0x00000000e0780000)
  to   space 17920K, 0% used [0x00000000e4e00000,0x00000000e4e00000,0x00000000e5f80000)
 ParOldGen       total 44032K, used 28815K [0x0000000080000000, 0x0000000082b00000, 0x00000000d5580000)
  object space 44032K, 65% used [0x0000000080000000,0x0000000081c23f50,0x0000000082b00000)
 Metaspace       used 56464K, capacity 58844K, committed 58968K, reserved 1099776K
  class space    used 7451K, capacity 7949K, committed 8064K, reserved 1048576K
Event: 22.582 GC heap after
Heap after GC invocations=18 (full 3):
 PSYoungGen      total 182272K, used 0K [0x00000000d5580000, 0x00000000e5f80000, 0x0000000100000000)
  eden space 164864K, 0% used [0x00000000d5580000,0x00000000d5580000,0x00000000df680000)
  from space 17408K, 0% used [0x00000000df680000,0x00000000df680000,0x00000000e0780000)
  to   space 17920K, 0% used [0x00000000e4e00000,0x00000000e4e00000,0x00000000e5f80000)
 ParOldGen       total 73728K, used 34145K [0x0000000080000000, 0x0000000084800000, 0x00000000d5580000)
  object space 73728K, 46% used [0x0000000080000000,0x00000000821586a8,0x0000000084800000)
 Metaspace       used 56405K, capacity 58672K, committed 58968K, reserved 1099776K
  class space    used 7433K, capacity 7924K, committed 8064K, reserved 1048576K
}
Event: 27.788 GC heap before
{Heap before GC invocations=19 (full 3):
 PSYoungGen      total 182272K, used 164864K [0x00000000d5580000, 0x00000000e5f80000, 0x0000000100000000)
  eden space 164864K, 100% used [0x00000000d5580000,0x00000000df680000,0x00000000df680000)
  from space 17408K, 0% used [0x00000000df680000,0x00000000df680000,0x00000000e0780000)
  to   space 17920K, 0% used [0x00000000e4e00000,0x00000000e4e00000,0x00000000e5f80000)
 ParOldGen       total 73728K, used 34145K [0x0000000080000000, 0x0000000084800000, 0x00000000d5580000)
  object space 73728K, 46% used [0x0000000080000000,0x00000000821586a8,0x0000000084800000)
 Metaspace       used 66960K, capacity 69870K, committed 70104K, reserved 1110016K
  class space    used 9107K, capacity 9663K, committed 9728K, reserved 1048576K
Event: 27.853 GC heap after
Heap after GC invocations=19 (full 3):
 PSYoungGen      total 239616K, used 14627K [0x00000000d5580000, 0x00000000e5c80000, 0x0000000100000000)
  eden space 224768K, 0% used [0x00000000d5580000,0x00000000d5580000,0x00000000e3100000)
  from space 14848K, 98% used [0x00000000e4e00000,0x00000000e5c48d90,0x00000000e5c80000)
  to   space 19456K, 0% used [0x00000000e3680000,0x00000000e3680000,0x00000000e4980000)
 ParOldGen       total 73728K, used 34153K [0x0000000080000000, 0x0000000084800000, 0x00000000d5580000)
  object space 73728K, 46% used [0x0000000080000000,0x000000008215a6a8,0x0000000084800000)
 Metaspace       used 66960K, capacity 69870K, committed 70104K, reserved 1110016K
  class space    used 9107K, capacity 9663K, committed 9728K, reserved 1048576K
}
Event: 38.155 GC heap before
{Heap before GC invocations=20 (full 3):
 PSYoungGen      total 239616K, used 239395K [0x00000000d5580000, 0x00000000e5c80000, 0x0000000100000000)
  eden space 224768K, 100% used [0x00000000d5580000,0x00000000e3100000,0x00000000e3100000)
  from space 14848K, 98% used [0x00000000e4e00000,0x00000000e5c48d90,0x00000000e5c80000)
  to   space 19456K, 0% used [0x00000000e3680000,0x00000000e3680000,0x00000000e4980000)
 ParOldGen       total 73728K, used 34153K [0x0000000080000000, 0x0000000084800000, 0x00000000d5580000)
  object space 73728K, 46% used [0x0000000080000000,0x000000008215a6a8,0x0000000084800000)
 Metaspace       used 78012K, capacity 81732K, committed 82008K, reserved 1120256K
  class space    used 10568K, capacity 11275K, committed 11392K, reserved 1048576K
Event: 38.207 GC heap after
Heap after GC invocations=20 (full 3):
 PSYoungGen      total 249856K, used 19453K [0x00000000d5580000, 0x00000000e9480000, 0x0000000100000000)
  eden space 230400K, 0% used [0x00000000d5580000,0x00000000d5580000,0x00000000e3680000)
  from space 19456K, 99% used [0x00000000e3680000,0x00000000e497f618,0x00000000e4980000)
  to   space 26112K, 0% used [0x00000000e7b00000,0x00000000e7b00000,0x00000000e9480000)
 ParOldGen       total 73728K, used 43245K [0x0000000080000000, 0x0000000084800000, 0x00000000d5580000)
  object space 73728K, 58% used [0x0000000080000000,0x0000000082a3b520,0x0000000084800000)
 Metaspace       used 78012K, capacity 81732K, committed 82008K, reserved 1120256K
  class space    used 10568K, capacity 11275K, committed 11392K, reserved 1048576K
}
Event: 1920.843 GC heap before
{Heap before GC invocations=21 (full 3):
 PSYoungGen      total 249856K, used 249853K [0x00000000d5580000, 0x00000000e9480000, 0x0000000100000000)
  eden space 230400K, 100% used [0x00000000d5580000,0x00000000e3680000,0x00000000e3680000)
  from space 19456K, 99% used [0x00000000e3680000,0x00000000e497f618,0x00000000e4980000)
  to   space 26112K, 0% used [0x00000000e7b00000,0x00000000e7b00000,0x00000000e9480000)
 ParOldGen       total 73728K, used 43245K [0x0000000080000000, 0x0000000084800000, 0x00000000d5580000)
  object space 73728K, 58% used [0x0000000080000000,0x0000000082a3b520,0x0000000084800000)
 Metaspace       used 89429K, capacity 93968K, committed 94168K, reserved 1130496K
  class space    used 11813K, capacity 12738K, committed 12800K, reserved 1048576K
Event: 1921.545 GC heap after
Heap after GC invocations=21 (full 3):
 PSYoungGen      total 300032K, used 16294K [0x00000000d5580000, 0x00000000e9580000, 0x0000000100000000)
  eden space 273920K, 0% used [0x00000000d5580000,0x00000000d5580000,0x00000000e6100000)
  from space 26112K, 62% used [0x00000000e7b00000,0x00000000e8ae98b8,0x00000000e9480000)
  to   space 26624K, 0% used [0x00000000e6100000,0x00000000e6100000,0x00000000e7b00000)
 ParOldGen       total 73728K, used 56681K [0x0000000080000000, 0x0000000084800000, 0x00000000d5580000)
  object space 73728K, 76% used [0x0000000080000000,0x000000008375a5c8,0x0000000084800000)
 Metaspace       used 89429K, capacity 93968K, committed 94168K, reserved 1130496K
  class space    used 11813K, capacity 12738K, committed 12800K, reserved 1048576K
}

